<?xml version="1.0" encoding="UTF-8"?>
<testng-results skipped="0" failed="0" ignored="0" total="1" passed="1">
  <reporter-output>
  </reporter-output>
  <suite name="Default suite" duration-ms="57" started-at="2022-03-24T12:07:02 IST" finished-at="2022-03-24T12:07:02 IST">
    <groups>
    </groups>
    <test name="Default test" duration-ms="57" started-at="2022-03-24T12:07:02 IST" finished-at="2022-03-24T12:07:02 IST">
      <class name="organizationtest.CreateOrganizationTest">
        <test-method status="PASS" signature="createOrg()[pri:0, instance:organizationtest.CreateOrganizationTest@4bbfb90a]" name="createOrg" duration-ms="11" started-at="2022-03-24T12:07:02 IST" finished-at="2022-03-24T12:07:02 IST">
          <reporter-output>
          </reporter-output>
        </test-method> <!-- createOrg -->
      </class> <!-- organizationtest.CreateOrganizationTest -->
    </test> <!-- Default test -->
  </suite> <!-- Default suite -->
</testng-results>
